ATA Commands report
Date: Fri Oct 24 17:36:08 2014

|CMD |FEAT|SECC    |SECN    |CYLL    |CYLH    |DEVH    |DEVC|LBAL    |LBAH    |STAT|ERR |DTYPE |
+----+----+--------+--------+--------+--------+--------+----+--------+--------+----+----+------|
|00h |00h |00h[00h]|00h[00h]|00h[00h]|00h[00h]|00h[00h]|02h |00h[00h]|00h[00h]|51h |04h |NON DA|
|01h |00h |00h[00h]|00h[00h]|00h[00h]|00h[00h]|00h[00h]|02h |00h[00h]|00h[00h]|51h |04h |NON DA|
|02h |00h |00h[00h]|00h[00h]|00h[00h]|00h[00h]|00h[00h]|02h |00h[00h]|00h[00h]|51h |04h |NON DA|
|03h |00h |00h[00h]|00h[00h]|00h[00h]|00h[00h]|00h[00h]|02h |00h[00h]|00h[00h]|51h |04h |NON DA|
|04h |00h |00h[00h]|00h[00h]|00h[00h]|00h[00h]|00h[00h]|02h |00h[00h]|00h[00h]|51h |04h |NON DA|
|05h |00h |00h[00h]|00h[00h]|00h[00h]|00h[00h]|00h[00h]|02h |00h[00h]|00h[00h]|51h |04h |NON DA|
|06h |00h |00h[00h]|00h[00h]|00h[00h]|00h[00h]|00h[00h]|02h |00h[00h]|00h[00h]|51h |04h |NON DA|
|07h |00h |00h[00h]|00h[00h]|00h[00h]|00h[00h]|00h[00h]|02h |00h[00h]|00h[00h]|51h |04h |NON DA|
|08h |00h |00h[01h]|00h[01h]|00h[00h]|00h[00h]|00h[00h]|02h |00h[00h]|00h[00h]|51h |04h |NON DA|
|09h |00h |00h[00h]|00h[00h]|00h[00h]|00h[00h]|00h[00h]|02h |00h[00h]|00h[00h]|51h |04h |NON DA|
|0Ah |00h |00h[00h]|00h[00h]|00h[00h]|00h[00h]|00h[00h]|02h |00h[00h]|00h[00h]|51h |04h |NON DA|
|0Bh |00h |00h[00h]|00h[00h]|00h[00h]|00h[00h]|00h[00h]|02h |00h[00h]|00h[00h]|51h |04h |NON DA|
|0Ch |00h |00h[00h]|00h[00h]|00h[00h]|00h[00h]|00h[00h]|02h |00h[00h]|00h[00h]|51h |04h |NON DA|
|0Dh |00h |00h[00h]|00h[00h]|00h[00h]|00h[00h]|00h[00h]|02h |00h[00h]|00h[00h]|51h |04h |NON DA|
|0Eh |00h |00h[00h]|00h[00h]|00h[00h]|00h[00h]|00h[00h]|02h |00h[00h]|00h[00h]|51h |04h |NON DA|
|0Fh |00h |00h[00h]|00h[00h]|00h[00h]|00h[00h]|00h[00h]|02h |00h[00h]|00h[00h]|51h |04h |NON DA|
|10h |00h |00h[00h]|00h[00h]|00h[00h]|00h[00h]|00h[00h]|02h |00h[00h]|00h[00h]|50h |00h |NON DA|
|11h |00h |00h[00h]|00h[00h]|00h[00h]|00h[00h]|00h[00h]|02h |00h[00h]|00h[00h]|50h |00h |NON DA|
|12h |00h |00h[00h]|00h[00h]|00h[00h]|00h[00h]|00h[00h]|02h |00h[00h]|00h[00h]|50h |00h |NON DA|
|13h |00h |00h[00h]|00h[00h]|00h[00h]|00h[00h]|00h[00h]|02h |00h[00h]|00h[00h]|50h |00h |NON DA|
|14h |00h |00h[00h]|00h[00h]|00h[00h]|00h[00h]|00h[00h]|02h |00h[00h]|00h[00h]|50h |00h |NON DA|
|15h |00h |00h[00h]|00h[00h]|00h[00h]|00h[00h]|00h[00h]|02h |00h[00h]|00h[00h]|50h |00h |NON DA|
|16h |00h |00h[00h]|00h[00h]|00h[00h]|00h[00h]|00h[00h]|02h |00h[00h]|00h[00h]|50h |00h |NON DA|
|17h |00h |00h[00h]|00h[00h]|00h[00h]|00h[00h]|00h[00h]|02h |00h[00h]|00h[00h]|50h |00h |NON DA|
|18h |00h |00h[00h]|00h[00h]|00h[00h]|00h[00h]|00h[00h]|02h |00h[00h]|00h[00h]|50h |00h |NON DA|
|19h |00h |00h[00h]|00h[00h]|00h[00h]|00h[00h]|00h[00h]|02h |00h[00h]|00h[00h]|50h |00h |NON DA|
|1Ah |00h |00h[00h]|00h[00h]|00h[00h]|00h[00h]|00h[00h]|02h |00h[00h]|00h[00h]|50h |00h |NON DA|
|1Bh |00h |00h[00h]|00h[00h]|00h[00h]|00h[00h]|00h[00h]|02h |00h[00h]|00h[00h]|50h |00h |NON DA|
|1Ch |00h |00h[00h]|00h[00h]|00h[00h]|00h[00h]|00h[00h]|02h |00h[00h]|00h[00h]|50h |00h |NON DA|
|1Dh |00h |00h[00h]|00h[00h]|00h[00h]|00h[00h]|00h[00h]|02h |00h[00h]|00h[00h]|50h |00h |NON DA|
|1Eh |00h |00h[00h]|00h[00h]|00h[00h]|00h[00h]|00h[00h]|02h |00h[00h]|00h[00h]|50h |00h |NON DA|
|1Fh |00h |00h[00h]|00h[00h]|00h[00h]|00h[00h]|00h[00h]|02h |00h[00h]|00h[00h]|50h |00h |NON DA|
|20h |00h |01h[01h]|00h[00h]|00h[00h]|00h[00h]|40h[40h]|02h |00h[00h]|00h[00h]|50h |00h |PIO DI|
|21h |00h |01h[01h]|00h[00h]|00h[00h]|00h[00h]|00h[00h]|02h |00h[00h]|00h[00h]|51h |10h |NON DA|
Skipping command!
Skipping command!
|24h |00h |01h[01h]|00h[00h]|00h[00h]|00h[00h]|40h[40h]|02h |00h[00h]|00h[00h]|50h |00h |PIO DI|
Skipping command!
|26h |00h |00h[00h]|00h[00h]|00h[00h]|00h[00h]|00h[00h]|02h |00h[00h]|00h[00h]|51h |04h |NON DA|
|27h |00h |00h[00h]|00h[3Fh]|00h[FEh]|00h[3Fh]|00h[0Fh]|02h |00h[00h]|00h[00h]|50h |00h |NON DA|
|28h |00h |00h[00h]|00h[00h]|00h[00h]|00h[00h]|00h[00h]|02h |00h[00h]|00h[00h]|51h |04h |NON DA|
Skipping command!
Skipping command!
Skipping command!
|2Ch |00h |00h[00h]|00h[00h]|00h[00h]|00h[00h]|00h[00h]|02h |00h[00h]|00h[00h]|51h |04h |NON DA|
|2Dh |00h |00h[00h]|00h[00h]|00h[00h]|00h[00h]|00h[00h]|02h |00h[00h]|00h[00h]|51h |04h |NON DA|
|2Eh |00h |00h[00h]|00h[00h]|00h[00h]|00h[00h]|00h[00h]|02h |00h[00h]|00h[00h]|51h |04h |NON DA|
|2Fh |00h |01h[01h]|00h[00h]|00h[80h]|00h[00h]|40h[40h]|02h |00h[00h]|80h[00h]|51h |04h |PIO DI|
|30h |00h |01h[00h]|00h[00h]|00h[00h]|00h[00h]|40h[40h]|02h |00h[00h]|00h[00h]|50h |00h |PIO DO|
|31h |00h |01h[01h]|00h[00h]|00h[00h]|00h[00h]|00h[00h]|02h |00h[00h]|00h[00h]|58h |00h |NON DA|
Skipping command!
Skipping command!
|34h |00h |01h[00h]|00h[00h]|00h[00h]|00h[00h]|40h[40h]|02h |00h[00h]|00h[00h]|50h |00h |PIO DO|
Skipping command!
|36h |00h |00h[00h]|00h[00h]|00h[00h]|00h[00h]|00h[00h]|02h |00h[00h]|00h[00h]|51h |04h |NON DA|
Skipping command!
|38h |00h |00h[00h]|00h[00h]|00h[00h]|00h[00h]|00h[00h]|02h |00h[00h]|00h[00h]|51h |04h |NON DA|
Skipping command!
Skipping command!
Skipping command!
|3Ch |00h |01h[00h]|00h[00h]|00h[00h]|00h[00h]|40h[40h]|02h |00h[00h]|00h[00h]|50h |00h |PIO DO|
Skipping command!
|3Eh |00h |00h[00h]|00h[00h]|00h[00h]|00h[00h]|00h[00h]|02h |00h[00h]|00h[00h]|51h |04h |NON DA|
|3Fh |00h |01h[01h]|00h[00h]|00h[80h]|00h[00h]|40h[40h]|02h |00h[00h]|80h[00h]|51h |04h |PIO DO|
|40h |00h |01h[00h]|00h[00h]|00h[00h]|00h[00h]|40h[40h]|02h |00h[00h]|00h[00h]|50h |00h |PIO DI|
|41h |00h |01h[01h]|00h[00h]|00h[00h]|00h[00h]|00h[00h]|02h |00h[00h]|00h[00h]|51h |10h |NON DA|
|42h |00h |01h[00h]|00h[00h]|00h[00h]|00h[00h]|40h[40h]|02h |00h[00h]|00h[00h]|50h |00h |PIO DI|
|43h |00h |00h[00h]|00h[00h]|00h[00h]|00h[00h]|00h[00h]|02h |00h[00h]|00h[00h]|51h |04h |NON DA|
|44h |00h |00h[00h]|00h[00h]|00h[00h]|00h[00h]|00h[00h]|02h |00h[00h]|00h[00h]|51h |04h |NON DA|
|45h |00h |00h[00h]|00h[00h]|00h[00h]|00h[00h]|00h[00h]|02h |00h[00h]|00h[00h]|51h |04h |NON DA|
|46h |00h |00h[00h]|00h[00h]|00h[00h]|00h[00h]|00h[00h]|02h |00h[00h]|00h[00h]|51h |04h |NON DA|
|47h |00h |00h[00h]|00h[00h]|00h[00h]|00h[00h]|00h[00h]|02h |00h[00h]|00h[00h]|51h |04h |NON DA|
|48h |00h |00h[00h]|00h[00h]|00h[00h]|00h[00h]|00h[00h]|02h |00h[00h]|00h[00h]|51h |04h |NON DA|
|49h |00h |00h[00h]|00h[00h]|00h[00h]|00h[00h]|00h[00h]|02h |00h[00h]|00h[00h]|51h |04h |NON DA|
|4Ah |00h |00h[00h]|00h[00h]|00h[00h]|00h[00h]|00h[00h]|02h |00h[00h]|00h[00h]|51h |04h |NON DA|
|4Bh |00h |00h[00h]|00h[00h]|00h[00h]|00h[00h]|00h[00h]|02h |00h[00h]|00h[00h]|51h |04h |NON DA|
|4Ch |00h |00h[00h]|00h[00h]|00h[00h]|00h[00h]|00h[00h]|02h |00h[00h]|00h[00h]|51h |04h |NON DA|
|4Dh |00h |00h[00h]|00h[00h]|00h[00h]|00h[00h]|00h[00h]|02h |00h[00h]|00h[00h]|51h |04h |NON DA|
|4Eh |00h |00h[00h]|00h[00h]|00h[00h]|00h[00h]|00h[00h]|02h |00h[00h]|00h[00h]|51h |04h |NON DA|
|4Fh |00h |00h[00h]|00h[00h]|00h[00h]|00h[00h]|00h[00h]|02h |00h[00h]|00h[00h]|51h |04h |NON DA|
Skipping command!
Skipping command!
|52h |00h |00h[00h]|00h[00h]|00h[00h]|00h[00h]|00h[00h]|02h |00h[00h]|00h[00h]|51h |04h |NON DA|
|53h |00h |00h[00h]|00h[00h]|00h[00h]|00h[00h]|00h[00h]|02h |00h[00h]|00h[00h]|51h |04h |NON DA|
|54h |00h |00h[00h]|00h[00h]|00h[00h]|00h[00h]|00h[00h]|02h |00h[00h]|00h[00h]|51h |04h |NON DA|
|55h |00h |00h[00h]|00h[00h]|00h[00h]|00h[00h]|00h[00h]|02h |00h[00h]|00h[00h]|51h |04h |NON DA|
|56h |00h |00h[00h]|00h[00h]|00h[00h]|00h[00h]|00h[00h]|02h |00h[00h]|00h[00h]|51h |04h |NON DA|
|57h |00h |00h[00h]|00h[00h]|00h[00h]|00h[00h]|00h[00h]|02h |00h[00h]|00h[00h]|51h |04h |NON DA|
|58h |00h |00h[00h]|00h[00h]|00h[00h]|00h[00h]|00h[00h]|02h |00h[00h]|00h[00h]|51h |04h |NON DA|
|59h |00h |00h[00h]|00h[00h]|00h[00h]|00h[00h]|00h[00h]|02h |00h[00h]|00h[00h]|51h |04h |NON DA|
|5Ah |00h |00h[00h]|00h[00h]|00h[00h]|00h[00h]|00h[00h]|02h |00h[00h]|00h[00h]|51h |04h |NON DA|
|5Bh |00h |00h[00h]|00h[00h]|00h[00h]|00h[00h]|00h[00h]|02h |00h[00h]|00h[00h]|51h |04h |NON DA|
|5Ch |00h |00h[00h]|00h[00h]|00h[00h]|00h[00h]|00h[00h]|02h |00h[00h]|00h[00h]|51h |04h |NON DA|
|5Dh |00h |00h[00h]|00h[00h]|00h[00h]|00h[00h]|00h[00h]|02h |00h[00h]|00h[00h]|51h |04h |NON DA|
|5Eh |00h |00h[00h]|00h[00h]|00h[00h]|00h[00h]|00h[00h]|02h |00h[00h]|00h[00h]|51h |04h |NON DA|
|5Fh |00h |00h[00h]|00h[00h]|00h[00h]|00h[00h]|00h[00h]|02h |00h[00h]|00h[00h]|51h |04h |NON DA|
Skipping command!
Skipping command!
|62h |00h |00h[00h]|00h[00h]|00h[00h]|00h[00h]|00h[00h]|02h |00h[00h]|00h[00h]|51h |04h |NON DA|
|63h |00h |00h[00h]|00h[00h]|00h[00h]|00h[00h]|00h[00h]|02h |00h[00h]|00h[00h]|51h |04h |NON DA|
|64h |00h |00h[00h]|00h[00h]|00h[00h]|00h[00h]|00h[00h]|02h |00h[00h]|00h[00h]|51h |04h |NON DA|
|65h |00h |00h[00h]|00h[00h]|00h[00h]|00h[00h]|00h[00h]|02h |00h[00h]|00h[00h]|51h |04h |NON DA|
|66h |00h |00h[00h]|00h[00h]|00h[00h]|00h[00h]|00h[00h]|02h |00h[00h]|00h[00h]|51h |04h |NON DA|
|67h |00h |00h[00h]|00h[00h]|00h[00h]|00h[00h]|00h[00h]|02h |00h[00h]|00h[00h]|51h |04h |NON DA|
|68h |00h |00h[00h]|00h[00h]|00h[00h]|00h[00h]|00h[00h]|02h |00h[00h]|00h[00h]|51h |04h |NON DA|
|69h |00h |00h[00h]|00h[00h]|00h[00h]|00h[00h]|00h[00h]|02h |00h[00h]|00h[00h]|51h |04h |NON DA|
|6Ah |00h |00h[00h]|00h[00h]|00h[00h]|00h[00h]|00h[00h]|02h |00h[00h]|00h[00h]|51h |04h |NON DA|
|6Bh |00h |00h[00h]|00h[00h]|00h[00h]|00h[00h]|00h[00h]|02h |00h[00h]|00h[00h]|51h |04h |NON DA|
|6Ch |00h |00h[00h]|00h[00h]|00h[00h]|00h[00h]|00h[00h]|02h |00h[00h]|00h[00h]|51h |04h |NON DA|
|6Dh |00h |00h[00h]|00h[00h]|00h[00h]|00h[00h]|00h[00h]|02h |00h[00h]|00h[00h]|51h |04h |NON DA|
|6Eh |00h |00h[00h]|00h[00h]|00h[00h]|00h[00h]|00h[00h]|02h |00h[00h]|00h[00h]|51h |04h |NON DA|
|6Fh |00h |00h[00h]|00h[00h]|00h[00h]|00h[00h]|00h[00h]|02h |00h[00h]|00h[00h]|51h |04h |NON DA|
Skipping command!
|71h |00h |00h[00h]|00h[01h]|00h[00h]|00h[00h]|00h[00h]|02h |00h[00h]|00h[00h]|50h |00h |NON DA|
|72h |00h |00h[00h]|00h[01h]|00h[00h]|00h[00h]|00h[00h]|02h |00h[00h]|00h[00h]|50h |00h |NON DA|
|73h |00h |00h[00h]|00h[01h]|00h[00h]|00h[00h]|00h[00h]|02h |00h[00h]|00h[00h]|50h |00h |NON DA|
|74h |00h |00h[00h]|00h[01h]|00h[00h]|00h[00h]|00h[00h]|02h |00h[00h]|00h[00h]|50h |00h |NON DA|
|75h |00h |00h[00h]|00h[01h]|00h[00h]|00h[00h]|00h[00h]|02h |00h[00h]|00h[00h]|50h |00h |NON DA|
|76h |00h |00h[00h]|00h[01h]|00h[00h]|00h[00h]|00h[00h]|02h |00h[00h]|00h[00h]|50h |00h |NON DA|
|77h |00h |00h[00h]|00h[01h]|00h[00h]|00h[00h]|00h[00h]|02h |00h[00h]|00h[00h]|50h |00h |NON DA|
|78h |00h |00h[00h]|00h[01h]|00h[00h]|00h[00h]|00h[00h]|02h |00h[00h]|00h[00h]|50h |00h |NON DA|
|79h |00h |00h[00h]|00h[01h]|00h[00h]|00h[00h]|00h[00h]|02h |00h[00h]|00h[00h]|50h |00h |NON DA|
|7Ah |00h |00h[00h]|00h[01h]|00h[00h]|00h[00h]|00h[00h]|02h |00h[00h]|00h[00h]|50h |00h |NON DA|
|7Bh |00h |00h[00h]|00h[01h]|00h[00h]|00h[00h]|00h[00h]|02h |00h[00h]|00h[00h]|50h |00h |NON DA|
|7Ch |00h |00h[00h]|00h[01h]|00h[00h]|00h[00h]|00h[00h]|02h |00h[00h]|00h[00h]|50h |00h |NON DA|
|7Dh |00h |00h[00h]|00h[01h]|00h[00h]|00h[00h]|00h[00h]|02h |00h[00h]|00h[00h]|50h |00h |NON DA|
|7Eh |00h |00h[00h]|00h[01h]|00h[00h]|00h[00h]|00h[00h]|02h |00h[00h]|00h[00h]|50h |00h |NON DA|
|7Fh |00h |00h[00h]|00h[01h]|00h[00h]|00h[00h]|00h[00h]|02h |00h[00h]|00h[00h]|50h |00h |NON DA|
|80h |00h |00h[00h]|00h[00h]|00h[00h]|00h[00h]|00h[00h]|02h |00h[00h]|00h[00h]|51h |04h |NON DA|
|81h |00h |00h[00h]|00h[00h]|00h[00h]|00h[00h]|00h[00h]|02h |00h[00h]|00h[00h]|51h |04h |NON DA|
|82h |00h |00h[00h]|00h[00h]|00h[00h]|00h[00h]|00h[00h]|02h |00h[00h]|00h[00h]|51h |04h |NON DA|
|83h |00h |00h[00h]|00h[00h]|00h[00h]|00h[00h]|00h[00h]|02h |00h[00h]|00h[00h]|51h |04h |NON DA|
|84h |00h |00h[00h]|00h[00h]|00h[00h]|00h[00h]|00h[00h]|02h |00h[00h]|00h[00h]|51h |04h |NON DA|
|85h |00h |00h[00h]|00h[00h]|00h[00h]|00h[00h]|00h[00h]|02h |00h[00h]|00h[00h]|51h |04h |NON DA|
|86h |00h |00h[00h]|00h[00h]|00h[00h]|00h[00h]|00h[00h]|02h |00h[00h]|00h[00h]|51h |04h |NON DA|
|87h |00h |00h[00h]|00h[00h]|00h[00h]|00h[00h]|00h[00h]|02h |00h[00h]|00h[00h]|51h |04h |NON DA|
Skipping command!
Skipping command!
Skipping command!
Skipping command!
|8Ch |00h |00h[00h]|00h[00h]|00h[00h]|00h[00h]|00h[00h]|02h |00h[00h]|00h[00h]|51h |04h |NON DA|
|8Dh |00h |00h[00h]|00h[00h]|00h[00h]|00h[00h]|00h[00h]|02h |00h[00h]|00h[00h]|51h |04h |NON DA|
|8Eh |00h |00h[00h]|00h[00h]|00h[00h]|00h[00h]|00h[00h]|02h |00h[00h]|00h[00h]|51h |04h |NON DA|
|8Fh |00h |00h[00h]|00h[00h]|00h[00h]|00h[00h]|00h[00h]|02h |00h[00h]|00h[00h]|51h |04h |NON DA|
Skipping command!
|91h |00h |00h[00h]|00h[00h]|00h[00h]|00h[00h]|00h[00h]|02h |00h[00h]|00h[00h]|50h |00h |NON DA|
Skipping command!
|93h |00h |00h[00h]|00h[00h]|00h[00h]|00h[00h]|00h[00h]|02h |00h[00h]|00h[00h]|51h |04h |NON DA|
|94h |00h |00h[00h]|00h[00h]|00h[00h]|00h[00h]|00h[00h]|02h |00h[00h]|00h[00h]|50h |00h |NON DA|
|95h |00h |00h[00h]|00h[00h]|00h[00h]|00h[00h]|00h[00h]|02h |00h[00h]|00h[00h]|50h |00h |NON DA|
|96h |00h |00h[00h]|00h[00h]|00h[00h]|00h[00h]|00h[00h]|02h |00h[00h]|00h[00h]|50h |00h |NON DA|
|97h |00h |00h[00h]|00h[00h]|00h[00h]|00h[00h]|00h[00h]|02h |00h[00h]|00h[00h]|50h |00h |NON DA|
|98h |00h |00h[FFh]|00h[00h]|00h[00h]|00h[00h]|00h[00h]|02h |00h[00h]|00h[00h]|50h |00h |NON DA|
|99h |00h |00h[00h]|00h[00h]|00h[00h]|00h[00h]|00h[00h]|02h |00h[00h]|00h[00h]|50h |00h |NON DA|
|9Ah |00h |00h[00h]|00h[00h]|00h[00h]|00h[00h]|00h[00h]|02h |00h[00h]|00h[00h]|51h |04h |NON DA|
|9Bh |00h |00h[00h]|00h[00h]|00h[00h]|00h[00h]|00h[00h]|02h |00h[00h]|00h[00h]|51h |04h |NON DA|
|9Ch |00h |00h[00h]|00h[00h]|00h[00h]|00h[00h]|00h[00h]|02h |00h[00h]|00h[00h]|51h |04h |NON DA|
|9Dh |00h |00h[00h]|00h[00h]|00h[00h]|00h[00h]|00h[00h]|02h |00h[00h]|00h[00h]|51h |04h |NON DA|
|9Eh |00h |00h[00h]|00h[00h]|00h[00h]|00h[00h]|00h[00h]|02h |00h[00h]|00h[00h]|51h |04h |NON DA|
|9Fh |00h |00h[00h]|00h[00h]|00h[00h]|00h[00h]|00h[00h]|02h |00h[00h]|00h[00h]|51h |04h |NON DA|
|A0h |00h |00h[00h]|00h[00h]|00h[00h]|00h[00h]|00h[00h]|02h |00h[00h]|00h[00h]|51h |04h |NON DA|
|A1h |00h |00h[00h]|00h[00h]|00h[00h]|00h[00h]|00h[00h]|02h |00h[00h]|00h[00h]|51h |04h |NON DA|
|A2h |00h |00h[00h]|00h[00h]|00h[00h]|00h[00h]|00h[00h]|02h |00h[00h]|00h[00h]|51h |04h |NON DA|
|A3h |00h |00h[00h]|00h[00h]|00h[00h]|00h[00h]|00h[00h]|02h |00h[00h]|00h[00h]|51h |04h |NON DA|
|A4h |00h |00h[00h]|00h[00h]|00h[00h]|00h[00h]|00h[00h]|02h |00h[00h]|00h[00h]|51h |04h |NON DA|
|A5h |00h |00h[00h]|00h[00h]|00h[00h]|00h[00h]|00h[00h]|02h |00h[00h]|00h[00h]|51h |04h |NON DA|
|A6h |00h |00h[00h]|00h[00h]|00h[00h]|00h[00h]|00h[00h]|02h |00h[00h]|00h[00h]|51h |04h |NON DA|
|A7h |00h |00h[00h]|00h[00h]|00h[00h]|00h[00h]|00h[00h]|02h |00h[00h]|00h[00h]|51h |04h |NON DA|
|A8h |00h |00h[00h]|00h[00h]|00h[00h]|00h[00h]|00h[00h]|02h |00h[00h]|00h[00h]|51h |04h |NON DA|
|A9h |00h |00h[00h]|00h[00h]|00h[00h]|00h[00h]|00h[00h]|02h |00h[00h]|00h[00h]|51h |04h |NON DA|
|AAh |00h |00h[00h]|00h[00h]|00h[00h]|00h[00h]|00h[00h]|02h |00h[00h]|00h[00h]|51h |04h |NON DA|
|ABh |00h |00h[00h]|00h[00h]|00h[00h]|00h[00h]|00h[00h]|02h |00h[00h]|00h[00h]|51h |04h |NON DA|
|ACh |00h |00h[00h]|00h[00h]|00h[00h]|00h[00h]|00h[00h]|02h |00h[00h]|00h[00h]|51h |04h |NON DA|
|ADh |00h |00h[00h]|00h[00h]|00h[00h]|00h[00h]|00h[00h]|02h |00h[00h]|00h[00h]|51h |04h |NON DA|
|AEh |00h |00h[00h]|00h[00h]|00h[00h]|00h[00h]|00h[00h]|02h |00h[00h]|00h[00h]|51h |04h |NON DA|
|AFh |00h |00h[00h]|00h[00h]|00h[00h]|00h[00h]|00h[00h]|02h |00h[00h]|00h[00h]|51h |04h |NON DA|
|B0h |D0h |00h[00h]|00h[00h]|00h[00h]|00h[00h]|40h[40h]|02h |00h[00h]|00h[00h]|51h |04h |PIO DI|
|B1h |C2h |00h[01h]|00h[00h]|00h[00h]|00h[00h]|40h[40h]|02h |00h[00h]|00h[00h]|58h |00h |PIO DI|
|B2h |00h |00h[00h]|00h[00h]|00h[00h]|00h[00h]|00h[00h]|02h |00h[00h]|00h[00h]|51h |04h |NON DA|
|B3h |00h |00h[00h]|00h[00h]|00h[00h]|00h[00h]|00h[00h]|02h |00h[00h]|00h[00h]|51h |04h |NON DA|
|B4h |00h |00h[00h]|00h[00h]|00h[00h]|00h[00h]|00h[00h]|02h |00h[00h]|00h[00h]|51h |04h |NON DA|
|B5h |00h |00h[00h]|00h[00h]|00h[00h]|00h[00h]|00h[00h]|02h |00h[00h]|00h[00h]|51h |04h |NON DA|
|B6h |00h |00h[00h]|00h[00h]|00h[00h]|00h[00h]|00h[00h]|02h |00h[00h]|00h[00h]|51h |04h |NON DA|
|B7h |00h |00h[00h]|00h[00h]|00h[00h]|00h[00h]|00h[00h]|02h |00h[00h]|00h[00h]|51h |04h |NON DA|
|B8h |00h |00h[00h]|00h[00h]|00h[00h]|00h[00h]|00h[00h]|02h |00h[00h]|00h[00h]|51h |04h |NON DA|
|B9h |00h |00h[00h]|00h[00h]|00h[00h]|00h[00h]|00h[00h]|02h |00h[00h]|00h[00h]|51h |04h |NON DA|
|BAh |00h |00h[00h]|00h[00h]|00h[00h]|00h[00h]|00h[00h]|02h |00h[00h]|00h[00h]|51h |04h |NON DA|
|BBh |00h |00h[00h]|00h[00h]|00h[00h]|00h[00h]|00h[00h]|02h |00h[00h]|00h[00h]|51h |04h |NON DA|
|BCh |00h |00h[00h]|00h[00h]|00h[00h]|00h[00h]|00h[00h]|02h |00h[00h]|00h[00h]|51h |04h |NON DA|
|BDh |00h |00h[00h]|00h[00h]|00h[00h]|00h[00h]|00h[00h]|02h |00h[00h]|00h[00h]|51h |04h |NON DA|
|BEh |00h |00h[00h]|00h[00h]|00h[00h]|00h[00h]|00h[00h]|02h |00h[00h]|00h[00h]|51h |04h |NON DA|
|BFh |00h |00h[00h]|00h[00h]|00h[00h]|00h[00h]|00h[00h]|02h |00h[00h]|00h[00h]|51h |04h |NON DA|
|C0h |00h |00h[00h]|00h[00h]|00h[00h]|00h[00h]|00h[00h]|02h |00h[00h]|00h[00h]|51h |04h |NON DA|
|C1h |00h |00h[00h]|00h[00h]|00h[00h]|00h[00h]|00h[00h]|02h |00h[00h]|00h[00h]|51h |04h |NON DA|
|C2h |00h |00h[00h]|00h[00h]|00h[00h]|00h[00h]|00h[00h]|02h |00h[00h]|00h[00h]|51h |04h |NON DA|
|C3h |00h |00h[00h]|00h[00h]|00h[00h]|00h[00h]|00h[00h]|02h |00h[00h]|00h[00h]|51h |04h |NON DA|
Skipping command!
Skipping command!
|C6h |00h |10h[10h]|00h[00h]|00h[00h]|00h[00h]|00h[00h]|02h |00h[00h]|00h[00h]|50h |00h |NON DA|
|C7h |00h |00h[00h]|00h[00h]|00h[00h]|00h[00h]|00h[00h]|02h |00h[00h]|00h[00h]|51h |04h |NON DA|
Skipping command!
Skipping command!
Skipping command!
Skipping command!
|CCh |00h |00h[00h]|00h[00h]|00h[00h]|00h[00h]|00h[00h]|02h |00h[00h]|00h[00h]|51h |04h |NON DA|
|CDh |00h |00h[00h]|00h[00h]|00h[00h]|00h[00h]|00h[00h]|02h |00h[00h]|00h[00h]|51h |04h |NON DA|
Skipping command!
|CFh |00h |00h[00h]|00h[00h]|00h[00h]|00h[00h]|00h[00h]|02h |00h[00h]|00h[00h]|51h |04h |NON DA|
|D0h |00h |00h[00h]|00h[00h]|00h[00h]|00h[00h]|00h[00h]|02h |00h[00h]|00h[00h]|51h |04h |NON DA|
|D1h |00h |00h[00h]|00h[00h]|00h[00h]|00h[00h]|00h[00h]|02h |00h[00h]|00h[00h]|51h |04h |NON DA|
|D2h |00h |00h[00h]|00h[00h]|00h[00h]|00h[00h]|00h[00h]|02h |00h[00h]|00h[00h]|51h |04h |NON DA|
|D3h |00h |00h[00h]|00h[00h]|00h[00h]|00h[00h]|00h[00h]|02h |00h[00h]|00h[00h]|51h |04h |NON DA|
|D4h |00h |00h[00h]|00h[00h]|00h[00h]|00h[00h]|00h[00h]|02h |00h[00h]|00h[00h]|51h |04h |NON DA|
|D5h |00h |00h[00h]|00h[00h]|00h[00h]|00h[00h]|00h[00h]|02h |00h[00h]|00h[00h]|51h |04h |NON DA|
|D6h |00h |00h[00h]|00h[00h]|00h[00h]|00h[00h]|00h[00h]|02h |00h[00h]|00h[00h]|51h |04h |NON DA|
|D7h |00h |00h[00h]|00h[00h]|00h[00h]|00h[00h]|00h[00h]|02h |00h[00h]|00h[00h]|51h |04h |NON DA|
|D8h |00h |00h[00h]|00h[00h]|00h[00h]|00h[00h]|00h[00h]|02h |00h[00h]|00h[00h]|51h |04h |NON DA|
|D9h |00h |00h[00h]|00h[00h]|00h[00h]|00h[00h]|00h[00h]|02h |00h[00h]|00h[00h]|51h |04h |NON DA|
|DAh |00h |00h[00h]|00h[00h]|00h[00h]|00h[00h]|00h[00h]|02h |00h[00h]|00h[00h]|51h |04h |NON DA|
|DBh |00h |00h[00h]|00h[00h]|00h[00h]|00h[00h]|00h[00h]|02h |00h[00h]|00h[00h]|51h |04h |NON DA|
|DCh |00h |00h[00h]|00h[00h]|00h[00h]|00h[00h]|00h[00h]|02h |00h[00h]|00h[00h]|51h |04h |NON DA|
|DDh |00h |00h[00h]|00h[00h]|00h[00h]|00h[00h]|00h[00h]|02h |00h[00h]|00h[00h]|51h |04h |NON DA|
|DEh |00h |00h[00h]|00h[00h]|00h[00h]|00h[00h]|00h[00h]|02h |00h[00h]|00h[00h]|51h |04h |NON DA|
|DFh |00h |00h[00h]|00h[00h]|00h[00h]|00h[00h]|00h[00h]|02h |00h[00h]|00h[00h]|51h |04h |NON DA|
|E0h |00h |00h[00h]|00h[00h]|00h[00h]|00h[00h]|00h[00h]|02h |00h[00h]|00h[00h]|50h |00h |NON DA|
|E1h |00h |00h[00h]|00h[00h]|00h[00h]|00h[00h]|00h[00h]|02h |00h[00h]|00h[00h]|50h |00h |NON DA|
|E2h |00h |00h[00h]|00h[00h]|00h[00h]|00h[00h]|00h[00h]|02h |00h[00h]|00h[00h]|50h |00h |NON DA|
|E3h |00h |00h[00h]|00h[00h]|00h[00h]|00h[00h]|00h[00h]|02h |00h[00h]|00h[00h]|50h |00h |NON DA|
|E4h |00h |00h[01h]|00h[00h]|00h[00h]|00h[00h]|40h[40h]|02h |00h[00h]|00h[00h]|58h |00h |PIO DI|
|E5h |00h |00h[FFh]|00h[00h]|00h[00h]|00h[00h]|00h[00h]|02h |00h[00h]|00h[00h]|50h |00h |NON DA|
|E6h |00h |00h[00h]|00h[00h]|00h[00h]|00h[00h]|00h[00h]|02h |00h[00h]|00h[00h]|50h |00h |NON DA|
|E7h |00h |00h[00h]|00h[00h]|00h[00h]|00h[00h]|00h[00h]|02h |00h[00h]|00h[00h]|50h |00h |NON DA|
|E8h |00h |00h[00h]|00h[00h]|00h[00h]|00h[00h]|40h[40h]|02h |00h[00h]|00h[00h]|58h |00h |PIO DO|
Skipping command!
|EAh |00h |00h[00h]|00h[00h]|00h[00h]|00h[00h]|00h[00h]|02h |00h[00h]|00h[00h]|50h |00h |NON DA|
|EBh |00h |00h[00h]|00h[00h]|00h[00h]|00h[00h]|00h[00h]|02h |00h[00h]|00h[00h]|51h |04h |NON DA|
|ECh |00h |00h[01h]|00h[00h]|00h[00h]|00h[00h]|40h[40h]|02h |00h[00h]|00h[00h]|50h |00h |PIO DI|
|EDh |00h |00h[00h]|00h[00h]|00h[00h]|00h[00h]|00h[00h]|02h |00h[00h]|00h[00h]|51h |04h |NON DA|
Skipping command!
|EFh |AAh |00h[00h]|00h[00h]|00h[00h]|00h[00h]|00h[00h]|02h |00h[00h]|00h[00h]|50h |00h |NON DA|
|F0h |00h |00h[00h]|00h[00h]|00h[00h]|00h[00h]|00h[00h]|02h |00h[00h]|00h[00h]|51h |04h |NON DA|
Skipping command!
Skipping command!
Skipping command!
Skipping command!
Skipping command!
Skipping command!
|F7h |00h |00h[00h]|00h[00h]|00h[00h]|00h[00h]|00h[00h]|02h |00h[00h]|00h[00h]|51h |04h |NON DA|
|F8h |00h |00h[00h]|00h[3Fh]|00h[FEh]|00h[3Fh]|00h[0Fh]|02h |00h[00h]|00h[00h]|50h |00h |NON DA|
Skipping command!
|FAh |00h |00h[00h]|00h[00h]|00h[00h]|00h[00h]|00h[00h]|02h |00h[00h]|00h[00h]|51h |04h |NON DA|
|FBh |00h |00h[00h]|00h[00h]|00h[00h]|00h[00h]|00h[00h]|02h |00h[00h]|00h[00h]|51h |04h |NON DA|
|FCh |00h |00h[24h]|00h[00h]|00h[00h]|00h[00h]|00h[00h]|02h |00h[00h]|00h[00h]|50h |00h |NON DA|
|FDh |00h |00h[00h]|00h[00h]|00h[00h]|00h[00h]|00h[00h]|02h |00h[00h]|00h[00h]|51h |04h |NON DA|
|FEh |00h |00h[00h]|00h[00h]|00h[00h]|00h[00h]|00h[00h]|02h |00h[00h]|00h[00h]|51h |04h |NON DA|
|FFh |00h |00h[00h]|00h[00h]|00h[00h]|00h[00h]|00h[00h]|02h |00h[00h]|00h[00h]|51h |04h |NON DA|
Completed on Fri Oct 24 17:36:26 2014

